<?xml version="1.0" encoding="UTF-8"?>
<!-- Generated by org.testng.reporters.JUnitReportReporter -->
<testsuite hostname="DESKTOP-3LRF95S" failures="0" tests="2" name="testbase.TestScrpts" time="1.390" errors="0" timestamp="2025-09-16T22:22:14 IST" skipped="0">
  <testcase classname="testbase.TestScrpts" name="testLaunchUrl" time="0.860"/>
  <testcase classname="testbase.TestScrpts" name="testLogin" time="0.530"/>
</testsuite> <!-- testbase.TestScrpts -->
